  Scanning sources for module dependencies...
  SpeedReader.cpp
P:\project\SpeedReader\SpeedReader\SpeedReader.cpp(35,62): warning C4305: 'argument': truncation from 'double' to 'T'
P:\project\SpeedReader\SpeedReader\SpeedReader.cpp(35,62): warning C4305:         with
P:\project\SpeedReader\SpeedReader\SpeedReader.cpp(35,62): warning C4305:         [
P:\project\SpeedReader\SpeedReader\SpeedReader.cpp(35,62): warning C4305:             T=float
P:\project\SpeedReader\SpeedReader\SpeedReader.cpp(35,62): warning C4305:         ]
P:\project\SpeedReader\SpeedReader\SpeedReader.cpp(35,56): warning C4305: 'argument': truncation from 'double' to 'T'
P:\project\SpeedReader\SpeedReader\SpeedReader.cpp(35,56): warning C4305:         with
P:\project\SpeedReader\SpeedReader\SpeedReader.cpp(35,56): warning C4305:         [
P:\project\SpeedReader\SpeedReader\SpeedReader.cpp(35,56): warning C4305:             T=float
P:\project\SpeedReader\SpeedReader\SpeedReader.cpp(35,56): warning C4305:         ]
P:\project\SpeedReader\SpeedReader\SpeedReader.cpp(43,59): warning C4305: 'argument': truncation from 'double' to 'T'
P:\project\SpeedReader\SpeedReader\SpeedReader.cpp(43,59): warning C4305:         with
P:\project\SpeedReader\SpeedReader\SpeedReader.cpp(43,59): warning C4305:         [
P:\project\SpeedReader\SpeedReader\SpeedReader.cpp(43,59): warning C4305:             T=float
P:\project\SpeedReader\SpeedReader\SpeedReader.cpp(43,59): warning C4305:         ]
P:\project\SpeedReader\SpeedReader\SpeedReader.cpp(43,54): warning C4305: 'argument': truncation from 'double' to 'T'
P:\project\SpeedReader\SpeedReader\SpeedReader.cpp(43,54): warning C4305:         with
P:\project\SpeedReader\SpeedReader\SpeedReader.cpp(43,54): warning C4305:         [
P:\project\SpeedReader\SpeedReader\SpeedReader.cpp(43,54): warning C4305:             T=float
P:\project\SpeedReader\SpeedReader\SpeedReader.cpp(43,54): warning C4305:         ]
P:\project\SpeedReader\SpeedReader\SpeedReader.cpp(52,61): warning C4305: 'argument': truncation from 'double' to 'T'
P:\project\SpeedReader\SpeedReader\SpeedReader.cpp(52,61): warning C4305:         with
P:\project\SpeedReader\SpeedReader\SpeedReader.cpp(52,61): warning C4305:         [
P:\project\SpeedReader\SpeedReader\SpeedReader.cpp(52,61): warning C4305:             T=float
P:\project\SpeedReader\SpeedReader\SpeedReader.cpp(52,61): warning C4305:         ]
P:\project\SpeedReader\SpeedReader\SpeedReader.cpp(52,56): warning C4305: 'argument': truncation from 'double' to 'T'
P:\project\SpeedReader\SpeedReader\SpeedReader.cpp(52,56): warning C4305:         with
P:\project\SpeedReader\SpeedReader\SpeedReader.cpp(52,56): warning C4305:         [
P:\project\SpeedReader\SpeedReader\SpeedReader.cpp(52,56): warning C4305:             T=float
P:\project\SpeedReader\SpeedReader\SpeedReader.cpp(52,56): warning C4305:         ]
  SpeedReader.vcxproj -> P:\project\SpeedReader\x64\Debug\SpeedReader.exe
  P:\project\SpeedReader\x64\Debug\SpeedReader.exe
          1 file(s) copied.
