  FileExplorer.cpp
P:\project\SpeedReader\DLL\FileExplorer.h(26,18): warning C4251: 'FileExplorer::m_lastOpenedFilePath': class 'std::basic_string<wchar_t,std::char_traits<wchar_t>,std::allocator<wchar_t>>' needs to have dll-interface to be used by clients of class 'FileExplorer'
  (compiling source file 'FileExplorer.cpp')
  C:\Program Files\Microsoft Visual Studio\2022\Community\VC\Tools\MSVC\14.39.33519\include\xstring(2337,7):
  see declaration of 'std::basic_string<wchar_t,std::char_traits<wchar_t>,std::allocator<wchar_t>>'
  
     Creating library P:\project\SpeedReader\x64\Debug\DLL.lib and object P:\project\SpeedReader\x64\Debug\DLL.exp
  DLL.vcxproj -> P:\project\SpeedReader\x64\Debug\DLL.dll
  P:\project\SpeedReader\DLL\API.h
  P:\project\SpeedReader\DLL\FileExplorer.h
          2 file(s) copied.
  P:\project\SpeedReader\x64\Debug\DLL.dll
  P:\project\SpeedReader\x64\Debug\sfml-audio-d-2.dll
  P:\project\SpeedReader\x64\Debug\sfml-graphics-d-2.dll
  P:\project\SpeedReader\x64\Debug\sfml-network-d-2.dll
  P:\project\SpeedReader\x64\Debug\sfml-system-d-2.dll
  P:\project\SpeedReader\x64\Debug\sfml-window-d-2.dll
          6 file(s) copied.
  P:\project\SpeedReader\x64\Debug\DLL.lib
  P:\project\SpeedReader\x64\Debug\SpeedReader.lib
          2 file(s) copied.
